[Nest] 118  - 04/01/2024, 9:15:53 PM     LOG  {/artist/ed8ed549-a2c7-402a-bc2d-681a17b6ad09, PUT, query: {}, body: {"name":"TEST_artist","grammy":false} } statusCode: 200, responseTime: [1ms]
[Nest] 118  - 04/01/2024, 9:15:53 PM     LOG  {/artist/ed8ed549-a2c7-402a-bc2d-681a17b6ad09, DELETE, query: {}, body: {} } statusCode: 204, responseTime: [0ms]
[Nest] 118  - 04/01/2024, 9:15:54 PM     LOG  {/artist, POST, query: {}, body: {"name":"TEST_artist","grammy":true} } statusCode: 201, responseTime: [0ms]
[Nest] 118  - 04/01/2024, 9:15:54 PM     LOG  {/artist, POST, query: {}, body: {"name":"TEST_artist","grammy":true} } statusCode: 201, responseTime: [0ms]
[Nest] 118  - 04/01/2024, 9:15:54 PM     LOG  {/artist/9f497587-fdf6-4d48-8967-23cc96a0a13a, DELETE, query: {}, body: {} } statusCode: 204, responseTime: [0ms]
[Nest] 118  - 04/01/2024, 9:15:54 PM     LOG  {/artist, POST, query: {}, body: {"name":"TEST_artist","grammy":true} } statusCode: 201, responseTime: [0ms]
[Nest] 118  - 04/01/2024, 9:15:54 PM     LOG  {/track, POST, query: {}, body: {"name":"TEST_track","albumId":null,"artistId":"2de0408d-7f5e-4d97-8f9e-a14b0e9aa6fb","duration":200} } statusCode: 201, responseTime: [0ms]
[Nest] 118  - 04/01/2024, 9:15:54 PM     LOG  {/artist/2de0408d-7f5e-4d97-8f9e-a14b0e9aa6fb, DELETE, query: {}, body: {} } statusCode: 204, responseTime: [0ms]
[Nest] 118  - 04/01/2024, 9:15:54 PM     LOG  {/track/c4c7e6ab-1d09-421b-add6-ae47a3783cf3, GET, query: {}, body: {} } statusCode: 200, responseTime: [0ms]
[Nest] 118  - 04/01/2024, 9:15:54 PM     LOG  {/artist, POST, query: {}, body: {"name":"TEST_artist","grammy":true} } statusCode: 201, responseTime: [1ms]
[Nest] 118  - 04/01/2024, 9:15:54 PM     LOG  {/album, POST, query: {}, body: {"name":"TEST_album","year":2023,"artistId":"7d4c88df-2447-4bc9-9351-41158d7fcdb8"} } statusCode: 201, responseTime: [0ms]
[Nest] 118  - 04/01/2024, 9:15:54 PM     LOG  {/album/a4008695-c1a6-45c7-b2ae-2314530665ec, GET, query: {}, body: {} } statusCode: 200, responseTime: [0ms]
[Nest] 118  - 04/01/2024, 9:15:54 PM     LOG  {/artist/7d4c88df-2447-4bc9-9351-41158d7fcdb8, DELETE, query: {}, body: {} } statusCode: 204, responseTime: [0ms]
[Nest] 118  - 04/01/2024, 9:15:54 PM     LOG  {/user/f4ba6ff8-ed54-4590-8386-f4496dee37cb, DELETE, query: {}, body: {} } statusCode: 204, responseTime: [0ms]
[Nest] 118  - 04/01/2024, 9:15:55 PM     LOG  {/auth/signup, POST, query: {}, body: {"login":"TEST_AUTH_LOGIN","password":"Tu6!@#%&"} } statusCode: 201, responseTime: [0ms]
[Nest] 118  - 04/01/2024, 9:15:55 PM     LOG  {/auth/login, POST, query: {}, body: {"login":"TEST_AUTH_LOGIN","password":"Tu6!@#%&"} } statusCode: 200, responseTime: [0ms]
[Nest] 118  - 04/01/2024, 9:15:55 PM     LOG  {/album, GET, query: {}, body: {} } statusCode: 200, responseTime: [0ms]
[Nest] 118  - 04/01/2024, 9:15:55 PM     LOG  {/album, POST, query: {}, body: {"name":"TEST_ALBUM","year":2022,"artistId":null} } statusCode: 201, responseTime: [0ms]
[Nest] 118  - 04/01/2024, 9:15:55 PM     LOG  {/album/b27f2cb0-31d6-4ca3-a98d-bbe64b5d81cd, GET, query: {}, body: {} } statusCode: 200, responseTime: [0ms]
[Nest] 118  - 04/01/2024, 9:15:55 PM     LOG  {/album/b27f2cb0-31d6-4ca3-a98d-bbe64b5d81cd, DELETE, query: {}, body: {} } statusCode: 204, responseTime: [1ms]
[Nest] 118  - 04/01/2024, 9:15:55 PM     LOG  {/album, POST, query: {}, body: {"name":"TEST_ALBUM","year":2022,"artistId":null} } statusCode: 201, responseTime: [0ms]
[Nest] 118  - 04/01/2024, 9:15:55 PM     LOG  {/album/a1b287b7-c63f-4bb4-a6d6-7e29a96e14de, DELETE, query: {}, body: {} } statusCode: 204, responseTime: [0ms]
[Nest] 118  - 04/01/2024, 9:15:55 PM     LOG  {/album, POST, query: {}, body: {"name":"TEST_ALBUM","year":2022,"artistId":null} } statusCode: 201, responseTime: [0ms]
[Nest] 118  - 04/01/2024, 9:15:55 PM     LOG  {/artist, POST, query: {}, body: {"name":"TEST_artist","grammy":true} } statusCode: 201, responseTime: [0ms]
[Nest] 118  - 04/01/2024, 9:15:55 PM     LOG  {/album/ca6b9f2f-fa76-4473-8d6d-b8c0cec7ba5b, PUT, query: {}, body: {"name":"TEST_ALBUM","year":2021,"artistId":"def709de-1eae-4881-a259-990ac3ce523d"} } statusCode: 200, responseTime: [0ms]
[Nest] 118  - 04/01/2024, 9:15:55 PM     LOG  {/album/ca6b9f2f-fa76-4473-8d6d-b8c0cec7ba5b, DELETE, query: {}, body: {} } statusCode: 204, responseTime: [0ms]
[Nest] 118  - 04/01/2024, 9:15:55 PM     LOG  {/album, POST, query: {}, body: {"name":"TEST_ALBUM","year":2022,"artistId":null} } statusCode: 201, responseTime: [0ms]
[Nest] 118  - 04/01/2024, 9:15:55 PM     LOG  {/album, POST, query: {}, body: {"name":"TEST_ALBUM","year":2022,"artistId":null} } statusCode: 201, responseTime: [0ms]
[Nest] 118  - 04/01/2024, 9:15:55 PM     LOG  {/album/350c0699-84f1-4755-b160-8313f3a1337f, DELETE, query: {}, body: {} } statusCode: 204, responseTime: [0ms]
[Nest] 118  - 04/01/2024, 9:15:56 PM     LOG  {/album, POST, query: {}, body: {"name":"TEST_ALBUM","year":2022,"artistId":null} } statusCode: 201, responseTime: [0ms]
[Nest] 118  - 04/01/2024, 9:15:56 PM     LOG  {/track, POST, query: {}, body: {"name":"TEST_TRACK","duration":199,"artistId":null,"albumId":"ebe4c0ee-84f7-4a11-8381-e1b602609a1b"} } statusCode: 201, responseTime: [0ms]
[Nest] 118  - 04/01/2024, 9:15:56 PM     LOG  {/album/ebe4c0ee-84f7-4a11-8381-e1b602609a1b, DELETE, query: {}, body: {} } statusCode: 204, responseTime: [0ms]
[Nest] 118  - 04/01/2024, 9:15:56 PM     LOG  {/track/1d7af199-580c-4219-8364-03124bfaf271, GET, query: {}, body: {} } statusCode: 200, responseTime: [0ms]
[Nest] 118  - 04/01/2024, 9:15:56 PM     LOG  {/user/6250e561-b0f9-4f73-97b4-12db398470a3, DELETE, query: {}, body: {} } statusCode: 204, responseTime: [0ms]
[Nest] 118  - 04/01/2024, 9:15:56 PM     LOG  {/auth/signup, POST, query: {}, body: {"login":"TEST_AUTH_LOGIN","password":"Tu6!@#%&"} } statusCode: 201, responseTime: [0ms]
[Nest] 118  - 04/01/2024, 9:15:56 PM     LOG  {/auth/login, POST, query: {}, body: {"login":"TEST_AUTH_LOGIN","password":"Tu6!@#%&"} } statusCode: 200, responseTime: [0ms]
[Nest] 118  - 04/01/2024, 9:15:56 PM     LOG  {/track, GET, query: {}, body: {} } statusCode: 200, responseTime: [0ms]
[Nest] 118  - 04/01/2024, 9:15:56 PM     LOG  {/track, POST, query: {}, body: {"name":"TEST_TRACK","duration":199,"artistId":null,"albumId":null} } statusCode: 201, responseTime: [0ms]
[Nest] 118  - 04/01/2024, 9:15:56 PM     LOG  {/track/039c016d-8ec0-4cbd-b833-a67aafdfe6b1, GET, query: {}, body: {} } statusCode: 200, responseTime: [0ms]
[Nest] 118  - 04/01/2024, 9:15:56 PM     LOG  {/track/039c016d-8ec0-4cbd-b833-a67aafdfe6b1, DELETE, query: {}, body: {} } statusCode: 204, responseTime: [0ms]
[Nest] 118  - 04/01/2024, 9:15:56 PM     LOG  {/track, POST, query: {}, body: {"name":"TEST_TRACK","duration":199,"artistId":null,"albumId":null} } statusCode: 201, responseTime: [0ms]
[Nest] 118  - 04/01/2024, 9:15:56 PM     LOG  {/track/1631f7ce-425e-4208-a13d-d6f5630dc905, DELETE, query: {}, body: {} } statusCode: 204, responseTime: [0ms]
[Nest] 118  - 04/01/2024, 9:15:56 PM     LOG  {/track, POST, query: {}, body: {"name":"TEST_TRACK","duration":199,"artistId":null,"albumId":null} } statusCode: 201, responseTime: [0ms]
[Nest] 118  - 04/01/2024, 9:15:57 PM     LOG  {/track/19319ea1-2743-4775-a0f6-596a5c9047e6, PUT, query: {}, body: {"name":"TEST_TRACK","duration":188,"artistId":null,"albumId":null} } statusCode: 200, responseTime: [0ms]
[Nest] 118  - 04/01/2024, 9:15:57 PM     LOG  {/track/19319ea1-2743-4775-a0f6-596a5c9047e6, DELETE, query: {}, body: {} } statusCode: 204, responseTime: [0ms]
[Nest] 118  - 04/01/2024, 9:15:57 PM     LOG  {/track, POST, query: {}, body: {"name":"TEST_TRACK","duration":199,"artistId":null,"albumId":null} } statusCode: 201, responseTime: [0ms]
[Nest] 118  - 04/01/2024, 9:15:57 PM     LOG  {/track, POST, query: {}, body: {"name":"TEST_TRACK","duration":199,"artistId":null,"albumId":null} } statusCode: 201, responseTime: [0ms]
[Nest] 118  - 04/01/2024, 9:15:57 PM     LOG  {/track/bba60b12-b2a6-4e62-ae37-a577b7dd8478, DELETE, query: {}, body: {} } statusCode: 204, responseTime: [0ms]
[Nest] 118  - 04/01/2024, 9:15:57 PM     LOG  {/user/375696dc-427d-4e78-9656-5e07de222624, DELETE, query: {}, body: {} } statusCode: 204, responseTime: [0ms]
[Nest] 118  - 04/01/2024, 9:16:52 PM     LOG  {/auth/signup, POST, query: {}, body: {"login":"TEST_AUTH_LOGIN","password":"Tu6!@#%&"} } statusCode: 201, responseTime: [0ms]
[Nest] 118  - 04/01/2024, 9:16:52 PM     LOG  {/auth/login, POST, query: {}, body: {"login":"TEST_AUTH_LOGIN","password":"Tu6!@#%&"} } statusCode: 200, responseTime: [0ms]
[Nest] 118  - 04/01/2024, 9:16:52 PM     LOG  {/user, GET, query: {}, body: {} } statusCode: 200, responseTime: [0ms]
[Nest] 118  - 04/01/2024, 9:16:52 PM     LOG  {/user, POST, query: {}, body: {"login":"TEST_LOGIN","password":"TEST_PASSWORD"} } statusCode: 201, responseTime: [0ms]
[Nest] 118  - 04/01/2024, 9:16:52 PM     LOG  {/user/8d9092c4-9493-490e-bffa-4de977b23230, GET, query: {}, body: {} } statusCode: 200, responseTime: [0ms]
[Nest] 118  - 04/01/2024, 9:16:52 PM     LOG  {/user/8d9092c4-9493-490e-bffa-4de977b23230, DELETE, query: {}, body: {} } statusCode: 204, responseTime: [0ms]
[Nest] 118  - 04/01/2024, 9:16:52 PM     LOG  {/user, POST, query: {}, body: {"login":"TEST_LOGIN","password":"TEST_PASSWORD"} } statusCode: 201, responseTime: [0ms]
[Nest] 118  - 04/01/2024, 9:16:52 PM     LOG  {/user/d619938b-7cfe-478c-aae7-8a86b07905f6, DELETE, query: {}, body: {} } statusCode: 204, responseTime: [0ms]
[Nest] 118  - 04/01/2024, 9:16:53 PM     LOG  {/user, POST, query: {}, body: {"login":"TEST_LOGIN","password":"TEST_PASSWORD"} } statusCode: 201, responseTime: [0ms]
[Nest] 118  - 04/01/2024, 9:16:53 PM     LOG  {/user/cbc61d89-4b01-491b-ad4c-cec202bd73d8, PUT, query: {}, body: {"oldPassword":"TEST_PASSWORD","newPassword":"NEW_PASSWORD"} } statusCode: 200, responseTime: [0ms]
[Nest] 118  - 04/01/2024, 9:16:53 PM     LOG  {/user/cbc61d89-4b01-491b-ad4c-cec202bd73d8, DELETE, query: {}, body: {} } statusCode: 204, responseTime: [0ms]
[Nest] 118  - 04/01/2024, 9:16:53 PM     LOG  {/user, POST, query: {}, body: {"login":"TEST_LOGIN","password":"TEST_PASSWORD"} } statusCode: 201, responseTime: [0ms]
[Nest] 118  - 04/01/2024, 9:16:53 PM     LOG  {/user/26bad1de-b732-46e0-a9d7-cc2cef6bcc88, DELETE, query: {}, body: {} } statusCode: 204, responseTime: [0ms]
[Nest] 118  - 04/01/2024, 9:16:54 PM     LOG  {/user/6b70e7a1-6c58-417d-8f33-560a71b409c5, DELETE, query: {}, body: {} } statusCode: 204, responseTime: [0ms]
[Nest] 118  - 04/01/2024, 9:16:54 PM     LOG  {/auth/signup, POST, query: {}, body: {"login":"TEST_AUTH_LOGIN","password":"Tu6!@#%&"} } statusCode: 201, responseTime: [0ms]
[Nest] 118  - 04/01/2024, 9:16:54 PM     LOG  {/auth/login, POST, query: {}, body: {"login":"TEST_AUTH_LOGIN","password":"Tu6!@#%&"} } statusCode: 200, responseTime: [0ms]
[Nest] 118  - 04/01/2024, 9:16:54 PM     LOG  {/favs, GET, query: {}, body: {} } statusCode: 200, responseTime: [0ms]
[Nest] 118  - 04/01/2024, 9:16:54 PM     LOG  {/artist, POST, query: {}, body: {"name":"TEST_artist","grammy":true} } statusCode: 201, responseTime: [0ms]
[Nest] 118  - 04/01/2024, 9:16:54 PM     LOG  {/album, POST, query: {}, body: {"name":"TEST_ALBUM","year":2022,"artistId":"1885b5cf-cb75-4da3-b2de-336469003704"} } statusCode: 201, responseTime: [0ms]
[Nest] 118  - 04/01/2024, 9:16:54 PM     LOG  {/track, POST, query: {}, body: {"name":"Test track","duration":335,"artistId":"1885b5cf-cb75-4da3-b2de-336469003704","albumId":"abbac1a1-6f7f-40eb-9633-5b03c58d3ca9"} } statusCode: 201, responseTime: [0ms]
[Nest] 118  - 04/01/2024, 9:16:54 PM     LOG  {/favs/track/351e9759-a38c-4246-9ca3-2a29a66d7d11, POST, query: {}, body: {} } statusCode: 201, responseTime: [0ms]
[Nest] 118  - 04/01/2024, 9:16:54 PM     LOG  {/favs/album/abbac1a1-6f7f-40eb-9633-5b03c58d3ca9, POST, query: {}, body: {} } statusCode: 201, responseTime: [0ms]
[Nest] 118  - 04/01/2024, 9:16:54 PM     LOG  {/favs/artist/1885b5cf-cb75-4da3-b2de-336469003704, POST, query: {}, body: {} } statusCode: 201, responseTime: [0ms]
[Nest] 118  - 04/01/2024, 9:16:54 PM     LOG  {/favs, GET, query: {}, body: {} } statusCode: 200, responseTime: [0ms]
[Nest] 118  - 04/01/2024, 9:16:54 PM     LOG  {/artist/1885b5cf-cb75-4da3-b2de-336469003704, DELETE, query: {}, body: {} } statusCode: 204, responseTime: [0ms]
[Nest] 118  - 04/01/2024, 9:16:54 PM     LOG  {/album/abbac1a1-6f7f-40eb-9633-5b03c58d3ca9, DELETE, query: {}, body: {} } statusCode: 204, responseTime: [0ms]
[Nest] 118  - 04/01/2024, 9:16:54 PM     LOG  {/track/351e9759-a38c-4246-9ca3-2a29a66d7d11, DELETE, query: {}, body: {} } statusCode: 204, responseTime: [0ms]
[Nest] 118  - 04/01/2024, 9:16:55 PM     LOG  {/favs, GET, query: {}, body: {} } statusCode: 200, responseTime: [0ms]
[Nest] 118  - 04/01/2024, 9:16:55 PM     LOG  {/artist, POST, query: {}, body: {"name":"TEST_artist","grammy":true} } statusCode: 201, responseTime: [0ms]
[Nest] 118  - 04/01/2024, 9:16:55 PM     LOG  {/favs/artist/c9e9a87d-7555-4bd0-9f52-c253ea94a567, POST, query: {}, body: {} } statusCode: 201, responseTime: [0ms]
[Nest] 118  - 04/01/2024, 9:16:55 PM     LOG  {/favs, GET, query: {}, body: {} } statusCode: 200, responseTime: [0ms]
[Nest] 118  - 04/01/2024, 9:16:55 PM     LOG  {/album, POST, query: {}, body: {"name":"TEST_ALBUM","year":2022,"artistId":null} } statusCode: 201, responseTime: [0ms]
[Nest] 118  - 04/01/2024, 9:16:55 PM     LOG  {/favs/album/b958a929-008a-415e-b02f-a78f4289aec1, POST, query: {}, body: {} } statusCode: 201, responseTime: [0ms]
[Nest] 118  - 04/01/2024, 9:16:55 PM     LOG  {/favs, GET, query: {}, body: {} } statusCode: 200, responseTime: [0ms]
[Nest] 118  - 04/01/2024, 9:16:55 PM     LOG  {/track, POST, query: {}, body: {"name":"Test track","duration":335,"artistId":null,"albumId":null} } statusCode: 201, responseTime: [0ms]
[Nest] 118  - 04/01/2024, 9:16:55 PM     LOG  {/favs/track/3971158a-ce80-4806-815a-9f32dd8b2c16, POST, query: {}, body: {} } statusCode: 201, responseTime: [0ms]
[Nest] 118  - 04/01/2024, 9:16:55 PM     LOG  {/favs, GET, query: {}, body: {} } statusCode: 200, responseTime: [0ms]
[Nest] 118  - 04/01/2024, 9:16:55 PM     LOG  {/album, POST, query: {}, body: {"name":"TEST_ALBUM","year":2022,"artistId":null} } statusCode: 201, responseTime: [0ms]
[Nest] 118  - 04/01/2024, 9:16:55 PM     LOG  {/favs/album/eac27743-6005-4441-badf-c87373c5cca6, POST, query: {}, body: {} } statusCode: 201, responseTime: [0ms]
[Nest] 118  - 04/01/2024, 9:16:55 PM     LOG  {/favs/album/eac27743-6005-4441-badf-c87373c5cca6, DELETE, query: {}, body: {} } statusCode: 204, responseTime: [0ms]
[Nest] 118  - 04/01/2024, 9:16:55 PM     LOG  {/favs, GET, query: {}, body: {} } statusCode: 200, responseTime: [0ms]
[Nest] 118  - 04/01/2024, 9:16:55 PM     LOG  {/album/eac27743-6005-4441-badf-c87373c5cca6, DELETE, query: {}, body: {} } statusCode: 204, responseTime: [0ms]
[Nest] 118  - 04/01/2024, 9:16:55 PM     LOG  {/artist, POST, query: {}, body: {"name":"TEST_artist","grammy":true} } statusCode: 201, responseTime: [0ms]
[Nest] 118  - 04/01/2024, 9:16:55 PM     LOG  {/favs/artist/f4ce9b8b-dacb-4d5e-8c62-74384a025bb3, POST, query: {}, body: {} } statusCode: 201, responseTime: [0ms]
[Nest] 118  - 04/01/2024, 9:16:55 PM     LOG  {/favs/artist/f4ce9b8b-dacb-4d5e-8c62-74384a025bb3, DELETE, query: {}, body: {} } statusCode: 204, responseTime: [0ms]
[Nest] 118  - 04/01/2024, 9:16:55 PM     LOG  {/favs, GET, query: {}, body: {} } statusCode: 200, responseTime: [0ms]
[Nest] 118  - 04/01/2024, 9:16:55 PM     LOG  {/artist/f4ce9b8b-dacb-4d5e-8c62-74384a025bb3, DELETE, query: {}, body: {} } statusCode: 204, responseTime: [0ms]
[Nest] 118  - 04/01/2024, 9:16:56 PM     LOG  {/track, POST, query: {}, body: {"name":"Test track","duration":335,"artistId":null,"albumId":null} } statusCode: 201, responseTime: [0ms]
[Nest] 118  - 04/01/2024, 9:16:56 PM     LOG  {/favs/track/8974a853-0575-45a4-ba8d-bbc2dab814cf, POST, query: {}, body: {} } statusCode: 201, responseTime: [0ms]
[Nest] 118  - 04/01/2024, 9:16:56 PM     LOG  {/favs/track/8974a853-0575-45a4-ba8d-bbc2dab814cf, DELETE, query: {}, body: {} } statusCode: 204, responseTime: [0ms]
[Nest] 118  - 04/01/2024, 9:16:56 PM     LOG  {/favs, GET, query: {}, body: {} } statusCode: 200, responseTime: [0ms]
[Nest] 118  - 04/01/2024, 9:16:56 PM     LOG  {/track/8974a853-0575-45a4-ba8d-bbc2dab814cf, DELETE, query: {}, body: {} } statusCode: 204, responseTime: [0ms]
[Nest] 118  - 04/01/2024, 9:16:56 PM     LOG  {/user/5e9bf8b7-d46f-4e6c-9179-c5e295fa2eec, DELETE, query: {}, body: {} } statusCode: 204, responseTime: [0ms]
[Nest] 118  - 04/01/2024, 9:16:56 PM     LOG  {/auth/signup, POST, query: {}, body: {"login":"TEST_AUTH_LOGIN","password":"Tu6!@#%&"} } statusCode: 201, responseTime: [0ms]
[Nest] 118  - 04/01/2024, 9:16:57 PM     LOG  {/auth/login, POST, query: {}, body: {"login":"TEST_AUTH_LOGIN","password":"Tu6!@#%&"} } statusCode: 200, responseTime: [0ms]
[Nest] 118  - 04/01/2024, 9:16:57 PM     LOG  {/album, GET, query: {}, body: {} } statusCode: 200, responseTime: [0ms]
[Nest] 118  - 04/01/2024, 9:16:57 PM     LOG  {/album, POST, query: {}, body: {"name":"TEST_ALBUM","year":2022,"artistId":null} } statusCode: 201, responseTime: [1ms]
[Nest] 118  - 04/01/2024, 9:16:57 PM     LOG  {/album/b585f897-dd4e-42ec-8194-11d6d6c63cf5, GET, query: {}, body: {} } statusCode: 200, responseTime: [0ms]
[Nest] 118  - 04/01/2024, 9:16:57 PM     LOG  {/album/b585f897-dd4e-42ec-8194-11d6d6c63cf5, DELETE, query: {}, body: {} } statusCode: 204, responseTime: [0ms]
[Nest] 118  - 04/01/2024, 9:16:57 PM     LOG  {/album, POST, query: {}, body: {"name":"TEST_ALBUM","year":2022,"artistId":null} } statusCode: 201, responseTime: [0ms]
[Nest] 118  - 04/01/2024, 9:16:57 PM     LOG  {/album/320db775-79b3-4e76-a074-4cf523471e68, DELETE, query: {}, body: {} } statusCode: 204, responseTime: [0ms]
[Nest] 118  - 04/01/2024, 9:16:57 PM     LOG  {/album, POST, query: {}, body: {"name":"TEST_ALBUM","year":2022,"artistId":null} } statusCode: 201, responseTime: [0ms]
[Nest] 118  - 04/01/2024, 9:16:57 PM     LOG  {/artist, POST, query: {}, body: {"name":"TEST_artist","grammy":true} } statusCode: 201, responseTime: [0ms]
[Nest] 118  - 04/01/2024, 9:16:57 PM     LOG  {/album/f26dd4ad-ed98-4fe4-b110-991ff99dab51, PUT, query: {}, body: {"name":"TEST_ALBUM","year":2021,"artistId":"d0d50351-722e-4d6f-966c-2804706cbad4"} } statusCode: 200, responseTime: [0ms]
[Nest] 118  - 04/01/2024, 9:16:57 PM     LOG  {/album/f26dd4ad-ed98-4fe4-b110-991ff99dab51, DELETE, query: {}, body: {} } statusCode: 204, responseTime: [0ms]
[Nest] 118  - 04/01/2024, 9:16:57 PM     LOG  {/album, POST, query: {}, body: {"name":"TEST_ALBUM","year":2022,"artistId":null} } statusCode: 201, responseTime: [0ms]
[Nest] 118  - 04/01/2024, 9:16:57 PM     LOG  {/album, POST, query: {}, body: {"name":"TEST_ALBUM","year":2022,"artistId":null} } statusCode: 201, responseTime: [0ms]
[Nest] 118  - 04/01/2024, 9:16:57 PM     LOG  {/album/bfeab4b2-4a54-4279-85f1-52a652fd45ff, DELETE, query: {}, body: {} } statusCode: 204, responseTime: [0ms]
[Nest] 118  - 04/01/2024, 9:16:57 PM     LOG  {/album, POST, query: {}, body: {"name":"TEST_ALBUM","year":2022,"artistId":null} } statusCode: 201, responseTime: [0ms]
[Nest] 118  - 04/01/2024, 9:16:57 PM     LOG  {/track, POST, query: {}, body: {"name":"TEST_TRACK","duration":199,"artistId":null,"albumId":"0c3c1300-90a5-46dc-8015-e2a9f2d58f58"} } statusCode: 201, responseTime: [0ms]
[Nest] 118  - 04/01/2024, 9:16:57 PM     LOG  {/album/0c3c1300-90a5-46dc-8015-e2a9f2d58f58, DELETE, query: {}, body: {} } statusCode: 204, responseTime: [0ms]
[Nest] 118  - 04/01/2024, 9:16:57 PM     LOG  {/track/3e59febd-f0e2-4d08-a86a-a4ab8cdfaf4f, GET, query: {}, body: {} } statusCode: 200, responseTime: [0ms]
[Nest] 118  - 04/01/2024, 9:16:58 PM     LOG  {/user/668be5dc-9016-4308-896f-92aaac424686, DELETE, query: {}, body: {} } statusCode: 204, responseTime: [0ms]
[Nest] 118  - 04/01/2024, 9:16:58 PM     LOG  {/auth/signup, POST, query: {}, body: {"login":"TEST_AUTH_LOGIN","password":"Tu6!@#%&"} } statusCode: 201, responseTime: [0ms]
[Nest] 118  - 04/01/2024, 9:16:58 PM     LOG  {/auth/login, POST, query: {}, body: {"login":"TEST_AUTH_LOGIN","password":"Tu6!@#%&"} } statusCode: 200, responseTime: [0ms]
[Nest] 118  - 04/01/2024, 9:16:58 PM     LOG  {/artist, GET, query: {}, body: {} } statusCode: 200, responseTime: [0ms]
[Nest] 118  - 04/01/2024, 9:16:58 PM     LOG  {/artist, POST, query: {}, body: {"name":"TEST_artist","grammy":true} } statusCode: 201, responseTime: [0ms]
[Nest] 118  - 04/01/2024, 9:16:58 PM     LOG  {/artist/63db4010-5a43-4226-a038-9a0f5b68e5d2, GET, query: {}, body: {} } statusCode: 200, responseTime: [0ms]
[Nest] 118  - 04/01/2024, 9:16:58 PM     LOG  {/artist/63db4010-5a43-4226-a038-9a0f5b68e5d2, DELETE, query: {}, body: {} } statusCode: 204, responseTime: [0ms]
[Nest] 118  - 04/01/2024, 9:16:58 PM     LOG  {/artist, POST, query: {}, body: {"name":"TEST_artist","grammy":true} } statusCode: 201, responseTime: [0ms]
[Nest] 118  - 04/01/2024, 9:16:58 PM     LOG  {/artist/efa38690-9f3f-41a3-a7ff-81afbed340cc, DELETE, query: {}, body: {} } statusCode: 204, responseTime: [0ms]
[Nest] 118  - 04/01/2024, 9:16:58 PM     LOG  {/artist, POST, query: {}, body: {"name":"TEST_artist","grammy":true} } statusCode: 201, responseTime: [0ms]
[Nest] 118  - 04/01/2024, 9:16:58 PM     LOG  {/artist/a3dd198e-6d53-47ff-a40b-44aff6daa271, PUT, query: {}, body: {"name":"TEST_artist","grammy":false} } statusCode: 200, responseTime: [0ms]
[Nest] 118  - 04/01/2024, 9:16:58 PM     LOG  {/artist/a3dd198e-6d53-47ff-a40b-44aff6daa271, DELETE, query: {}, body: {} } statusCode: 204, responseTime: [0ms]
[Nest] 118  - 04/01/2024, 9:16:58 PM     LOG  {/artist, POST, query: {}, body: {"name":"TEST_artist","grammy":true} } statusCode: 201, responseTime: [0ms]
[Nest] 118  - 04/01/2024, 9:16:59 PM     LOG  {/artist, POST, query: {}, body: {"name":"TEST_artist","grammy":true} } statusCode: 201, responseTime: [0ms]
[Nest] 118  - 04/01/2024, 9:16:59 PM     LOG  {/artist/cbb5e28e-f91d-43a8-a195-05c71bfa115f, DELETE, query: {}, body: {} } statusCode: 204, responseTime: [0ms]
[Nest] 118  - 04/01/2024, 9:16:59 PM     LOG  {/artist, POST, query: {}, body: {"name":"TEST_artist","grammy":true} } statusCode: 201, responseTime: [0ms]
[Nest] 118  - 04/01/2024, 9:16:59 PM     LOG  {/track, POST, query: {}, body: {"name":"TEST_track","albumId":null,"artistId":"bad4a255-d211-423e-84bc-95c9b2113842","duration":200} } statusCode: 201, responseTime: [0ms]
[Nest] 118  - 04/01/2024, 9:16:59 PM     LOG  {/artist/bad4a255-d211-423e-84bc-95c9b2113842, DELETE, query: {}, body: {} } statusCode: 204, responseTime: [0ms]
[Nest] 118  - 04/01/2024, 9:16:59 PM     LOG  {/track/a892b94f-767d-4af7-b8a2-6378592637ca, GET, query: {}, body: {} } statusCode: 200, responseTime: [0ms]
[Nest] 118  - 04/01/2024, 9:16:59 PM     LOG  {/artist, POST, query: {}, body: {"name":"TEST_artist","grammy":true} } statusCode: 201, responseTime: [0ms]
[Nest] 118  - 04/01/2024, 9:16:59 PM     LOG  {/album, POST, query: {}, body: {"name":"TEST_album","year":2023,"artistId":"e4254a01-a3ef-4c0f-9fa7-7731fa310257"} } statusCode: 201, responseTime: [0ms]
[Nest] 118  - 04/01/2024, 9:16:59 PM     LOG  {/artist/e4254a01-a3ef-4c0f-9fa7-7731fa310257, DELETE, query: {}, body: {} } statusCode: 204, responseTime: [0ms]
[Nest] 118  - 04/01/2024, 9:16:59 PM     LOG  {/album/cf131788-600b-4ada-a41f-6a7315b505aa, GET, query: {}, body: {} } statusCode: 200, responseTime: [0ms]
[Nest] 118  - 04/01/2024, 9:16:59 PM     LOG  {/user/abb2ef77-66df-4b07-8f68-95681bc6249e, DELETE, query: {}, body: {} } statusCode: 204, responseTime: [0ms]
[Nest] 118  - 04/01/2024, 9:16:59 PM     LOG  {/auth/signup, POST, query: {}, body: {"login":"TEST_AUTH_LOGIN","password":"Tu6!@#%&"} } statusCode: 201, responseTime: [0ms]
[Nest] 118  - 04/01/2024, 9:17:00 PM     LOG  {/auth/login, POST, query: {}, body: {"login":"TEST_AUTH_LOGIN","password":"Tu6!@#%&"} } statusCode: 200, responseTime: [0ms]
[Nest] 118  - 04/01/2024, 9:17:00 PM     LOG  {/track, GET, query: {}, body: {} } statusCode: 200, responseTime: [0ms]
[Nest] 118  - 04/01/2024, 9:17:00 PM     LOG  {/track, POST, query: {}, body: {"name":"TEST_TRACK","duration":199,"artistId":null,"albumId":null} } statusCode: 201, responseTime: [0ms]
[Nest] 118  - 04/01/2024, 9:17:00 PM     LOG  {/track/82dbbed7-0ad3-4766-a0ce-747e3f2fe704, GET, query: {}, body: {} } statusCode: 200, responseTime: [0ms]
[Nest] 118  - 04/01/2024, 9:17:00 PM     LOG  {/track/82dbbed7-0ad3-4766-a0ce-747e3f2fe704, DELETE, query: {}, body: {} } statusCode: 204, responseTime: [0ms]
[Nest] 118  - 04/01/2024, 9:17:00 PM     LOG  {/track, POST, query: {}, body: {"name":"TEST_TRACK","duration":199,"artistId":null,"albumId":null} } statusCode: 201, responseTime: [0ms]
[Nest] 118  - 04/01/2024, 9:17:00 PM     LOG  {/track/75a38762-38d6-4f37-a306-24ae53e13cb5, DELETE, query: {}, body: {} } statusCode: 204, responseTime: [0ms]
[Nest] 118  - 04/01/2024, 9:17:00 PM     LOG  {/track, POST, query: {}, body: {"name":"TEST_TRACK","duration":199,"artistId":null,"albumId":null} } statusCode: 201, responseTime: [0ms]
[Nest] 118  - 04/01/2024, 9:17:00 PM     LOG  {/track/de29c628-e6dd-4539-bee8-5ee034467fd7, PUT, query: {}, body: {"name":"TEST_TRACK","duration":188,"artistId":null,"albumId":null} } statusCode: 200, responseTime: [0ms]
[Nest] 118  - 04/01/2024, 9:17:00 PM     LOG  {/track/de29c628-e6dd-4539-bee8-5ee034467fd7, DELETE, query: {}, body: {} } statusCode: 204, responseTime: [0ms]
[Nest] 118  - 04/01/2024, 9:17:00 PM     LOG  {/track, POST, query: {}, body: {"name":"TEST_TRACK","duration":199,"artistId":null,"albumId":null} } statusCode: 201, responseTime: [0ms]
[Nest] 118  - 04/01/2024, 9:17:00 PM     LOG  {/track, POST, query: {}, body: {"name":"TEST_TRACK","duration":199,"artistId":null,"albumId":null} } statusCode: 201, responseTime: [0ms]
[Nest] 118  - 04/01/2024, 9:17:00 PM     LOG  {/track/d3916d85-ce0e-433e-83dd-df608598c057, DELETE, query: {}, body: {} } statusCode: 204, responseTime: [1ms]
[Nest] 118  - 04/01/2024, 9:17:00 PM     LOG  {/user/6995066e-b466-4ca7-9a68-24b72c6a16a0, DELETE, query: {}, body: {} } statusCode: 204, responseTime: [0ms]
